<?xml version="1.0" encoding="utf-8" standalone="no"?>
<!--This file represents the results of running a test suite-->
<test-results name="C:\development\AddOnBlog.Mvc.NuGet\AddOnBlog.Mvc.Tests\bin\Debug\AddOnBlog.Mvc.Tests.dll" total="3" errors="0" failures="0" not-run="0" inconclusive="0" ignored="0" skipped="0" invalid="0" date="2014-08-03" time="22:19:16">
  <environment nunit-version="2.6.3.13283" clr-version="2.0.50727.8000" os-version="Microsoft Windows NT 6.2.9200.0" platform="Win32NT" cwd="C:\Program Files (x86)\NUnit 2.6.3\bin" machine-name="ENGLESTONE-MBP" user="Englestone" user-domain="ENGLESTONE-MBP" />
  <culture-info current-culture="en-GB" current-uiculture="en-GB" />
  <test-suite type="Assembly" name="C:\development\AddOnBlog.Mvc.NuGet\AddOnBlog.Mvc.Tests\bin\Debug\AddOnBlog.Mvc.Tests.dll" executed="True" result="Success" success="True" time="2.958" asserts="0">
    <results>
      <test-suite type="Namespace" name="AddOnBlog" executed="True" result="Success" success="True" time="2.912" asserts="0">
        <results>
          <test-suite type="Namespace" name="Mvc" executed="True" result="Success" success="True" time="2.911" asserts="0">
            <results>
              <test-suite type="Namespace" name="Tests" executed="True" result="Success" success="True" time="2.910" asserts="0">
                <results>
                  <test-suite type="TestFixture" name="ConfigurationTests" executed="True" result="Success" success="True" time="0.369" asserts="0">
                    <results>
                      <test-case name="AddOnBlog.Mvc.Tests.ConfigurationTests.Configuration_Post_Save_Path" executed="True" result="Success" success="True" time="0.339" asserts="1" />
                    </results>
                  </test-suite>
                  <test-suite type="TestFixture" name="PostTests" executed="True" result="Success" success="True" time="2.528" asserts="0">
                    <results>
                      <test-case name="AddOnBlog.Mvc.Tests.PostTests.Posts_Get" executed="True" result="Success" success="True" time="1.916" asserts="1" />
                      <test-case name="AddOnBlog.Mvc.Tests.PostTests.Posts_Get_All" executed="True" result="Success" success="True" time="0.020" asserts="1" />
                    </results>
                  </test-suite>
                </results>
              </test-suite>
            </results>
          </test-suite>
        </results>
      </test-suite>
    </results>
  </test-suite>
</test-results>