<?xml version="1.0" encoding="utf-8" standalone="no"?>
<!--This file represents the results of running a test suite-->
<test-results name="C:\development\AddOnBlog.Mvc.NuGet\AddOnBlog.Mvc.Tests\bin\Debug\AddOnBlog.Mvc.Tests.dll" total="1" errors="0" failures="0" not-run="0" inconclusive="0" ignored="0" skipped="0" invalid="0" date="2014-07-31" time="22:09:16">
  <environment nunit-version="2.6.3.13283" clr-version="2.0.50727.8000" os-version="Microsoft Windows NT 6.2.9200.0" platform="Win32NT" cwd="C:\Program Files (x86)\NUnit 2.6.3\bin" machine-name="ENGLESTONE-MBP" user="Englestone" user-domain="ENGLESTONE-MBP" />
  <culture-info current-culture="en-GB" current-uiculture="en-GB" />
  <test-suite type="Assembly" name="C:\development\AddOnBlog.Mvc.NuGet\AddOnBlog.Mvc.Tests\bin\Debug\AddOnBlog.Mvc.Tests.dll" executed="True" result="Success" success="True" time="0.424" asserts="0">
    <results>
      <test-suite type="Namespace" name="AddOnBlog" executed="True" result="Success" success="True" time="0.379" asserts="0">
        <results>
          <test-suite type="Namespace" name="Mvc" executed="True" result="Success" success="True" time="0.377" asserts="0">
            <results>
              <test-suite type="Namespace" name="Tests" executed="True" result="Success" success="True" time="0.376" asserts="0">
                <results>
                  <test-suite type="TestFixture" name="ConfigurationTests" executed="True" result="Success" success="True" time="0.370" asserts="0">
                    <results>
                      <test-case name="AddOnBlog.Mvc.Tests.ConfigurationTests.Configuration_Post_Save_Path" executed="True" result="Success" success="True" time="0.339" asserts="1" />
                    </results>
                  </test-suite>
                </results>
              </test-suite>
            </results>
          </test-suite>
        </results>
      </test-suite>
    </results>
  </test-suite>
</test-results>